# JRE version: Java(TM) SE Runtime Environment (8.0_201-b09) (build 1.8.0_201-b09)
# Java VM: Java HotSpot(TM) 64-Bit Server VM (25.201-b09 mixed mode windows-amd64 compressed oops)
Heap:
 PSYoungGen      total 408576K, used 153862K [0x00000000e0000000, 0x00000000faf00000, 0x0000000100000000)
  eden space 396288K, 36% used [0x00000000e0000000,0x00000000e8b73058,0x00000000f8300000)
  from space 12288K, 90% used [0x00000000fa300000,0x00000000fadce920,0x00000000faf00000)
  to   space 22528K, 0% used [0x00000000f8300000,0x00000000f8300000,0x00000000f9900000)
 ParOldGen       total 175616K, used 62865K [0x00000000a0000000, 0x00000000aab80000, 0x00000000e0000000)
  object space 175616K, 35% used [0x00000000a0000000,0x00000000a3d64648,0x00000000aab80000)
 Metaspace       used 100275K, capacity 105384K, committed 105600K, reserved 1140736K
  class space    used 13188K, capacity 14088K, committed 14208K, reserved 1048576K
GC Heap History (10 events):
Event: 649.029 GC heap before
{Heap before GC invocations=20 (full 3):
 PSYoungGen      total 316416K, used 178251K [0x00000000e0000000, 0x00000000f4c00000, 0x0000000100000000)
  eden space 296960K, 54% used [0x00000000e0000000,0x00000000e9eb1900,0x00000000f2200000)
  from space 19456K, 80% used [0x00000000f3900000,0x00000000f4861540,0x00000000f4c00000)
  to   space 21504K, 0% used [0x00000000f2200000,0x00000000f2200000,0x00000000f3700000)
 ParOldGen       total 120320K, used 48298K [0x00000000a0000000, 0x00000000a7580000, 0x00000000e0000000)
  object space 120320K, 40% used [0x00000000a0000000,0x00000000a2f2a800,0x00000000a7580000)
 Metaspace       used 94285K, capacity 98284K, committed 98380K, reserved 1134592K
  class space    used 12477K, capacity 13248K, committed 13312K, reserved 1048576K
Event: 649.086 GC heap after
Heap after GC invocations=20 (full 3):
 PSYoungGen      total 318464K, used 21490K [0x00000000e0000000, 0x00000000f8600000, 0x0000000100000000)
  eden space 296960K, 0% used [0x00000000e0000000,0x00000000e0000000,0x00000000f2200000)
  from space 21504K, 99% used [0x00000000f2200000,0x00000000f36fc9e0,0x00000000f3700000)
  to   space 24576K, 0% used [0x00000000f6e00000,0x00000000f6e00000,0x00000000f8600000)
 ParOldGen       total 120320K, used 48556K [0x00000000a0000000, 0x00000000a7580000, 0x00000000e0000000)
  object space 120320K, 40% used [0x00000000a0000000,0x00000000a2f6b118,0x00000000a7580000)
 Metaspace       used 94285K, capacity 98284K, committed 98380K, reserved 1134592K
  class space    used 12477K, capacity 13248K, committed 13312K, reserved 1048576K
}
Event: 649.087 GC heap before
{Heap before GC invocations=21 (full 4):
 PSYoungGen      total 318464K, used 21490K [0x00000000e0000000, 0x00000000f8600000, 0x0000000100000000)
  eden space 296960K, 0% used [0x00000000e0000000,0x00000000e0000000,0x00000000f2200000)
  from space 21504K, 99% used [0x00000000f2200000,0x00000000f36fc9e0,0x00000000f3700000)
  to   space 24576K, 0% used [0x00000000f6e00000,0x00000000f6e00000,0x00000000f8600000)
 ParOldGen       total 120320K, used 48556K [0x00000000a0000000, 0x00000000a7580000, 0x00000000e0000000)
  object space 120320K, 40% used [0x00000000a0000000,0x00000000a2f6b118,0x00000000a7580000)
 Metaspace       used 94285K, capacity 98284K, committed 98380K, reserved 1134592K
  class space    used 12477K, capacity 13248K, committed 13312K, reserved 1048576K
Event: 649.622 GC heap after
Heap after GC invocations=21 (full 4):
 PSYoungGen      total 318464K, used 0K [0x00000000e0000000, 0x00000000f8600000, 0x0000000100000000)
  eden space 296960K, 0% used [0x00000000e0000000,0x00000000e0000000,0x00000000f2200000)
  from space 21504K, 0% used [0x00000000f2200000,0x00000000f2200000,0x00000000f3700000)
  to   space 24576K, 0% used [0x00000000f6e00000,0x00000000f6e00000,0x00000000f8600000)
 ParOldGen       total 175616K, used 62806K [0x00000000a0000000, 0x00000000aab80000, 0x00000000e0000000)
  object space 175616K, 35% used [0x00000000a0000000,0x00000000a3d55be8,0x00000000aab80000)
 Metaspace       used 94162K, capacity 97962K, committed 98380K, reserved 1134592K
  class space    used 12435K, capacity 13177K, committed 13312K, reserved 1048576K
}
Event: 653.837 GC heap before
{Heap before GC invocations=22 (full 4):
 PSYoungGen      total 318464K, used 296960K [0x00000000e0000000, 0x00000000f8600000, 0x0000000100000000)
  eden space 296960K, 100% used [0x00000000e0000000,0x00000000f2200000,0x00000000f2200000)
  from space 21504K, 0% used [0x00000000f2200000,0x00000000f2200000,0x00000000f3700000)
  to   space 24576K, 0% used [0x00000000f6e00000,0x00000000f6e00000,0x00000000f8600000)
 ParOldGen       total 175616K, used 62832K [0x00000000a0000000, 0x00000000aab80000, 0x00000000e0000000)
  object space 175616K, 35% used [0x00000000a0000000,0x00000000a3d5c1c8,0x00000000aab80000)
 Metaspace       used 96557K, capacity 100672K, committed 100864K, reserved 1136640K
  class space    used 12768K, capacity 13552K, committed 13568K, reserved 1048576K
Event: 653.851 GC heap after
Heap after GC invocations=22 (full 4):
 PSYoungGen      total 374784K, used 5904K [0x00000000e0000000, 0x00000000f8800000, 0x0000000100000000)
  eden space 350208K, 0% used [0x00000000e0000000,0x00000000e0000000,0x00000000f5600000)
  from space 24576K, 24% used [0x00000000f6e00000,0x00000000f73c40f8,0x00000000f8600000)
  to   space 24576K, 0% used [0x00000000f5600000,0x00000000f5600000,0x00000000f6e00000)
 ParOldGen       total 175616K, used 62840K [0x00000000a0000000, 0x00000000aab80000, 0x00000000e0000000)
  object space 175616K, 35% used [0x00000000a0000000,0x00000000a3d5e1c8,0x00000000aab80000)
 Metaspace       used 96557K, capacity 100672K, committed 100864K, reserved 1136640K
  class space    used 12768K, capacity 13552K, committed 13568K, reserved 1048576K
}
Event: 1288.454 GC heap before
{Heap before GC invocations=23 (full 4):
 PSYoungGen      total 374784K, used 356112K [0x00000000e0000000, 0x00000000f8800000, 0x0000000100000000)
  eden space 350208K, 100% used [0x00000000e0000000,0x00000000f5600000,0x00000000f5600000)
  from space 24576K, 24% used [0x00000000f6e00000,0x00000000f73c40f8,0x00000000f8600000)
  to   space 24576K, 0% used [0x00000000f5600000,0x00000000f5600000,0x00000000f6e00000)
 ParOldGen       total 175616K, used 62849K [0x00000000a0000000, 0x00000000aab80000, 0x00000000e0000000)
  object space 175616K, 35% used [0x00000000a0000000,0x00000000a3d60648,0x00000000aab80000)
 Metaspace       used 99474K, capacity 104446K, committed 104704K, reserved 1140736K
  class space    used 13131K, capacity 14010K, committed 14080K, reserved 1048576K
Event: 1288.596 GC heap after
Heap after GC invocations=23 (full 4):
 PSYoungGen      total 374784K, used 8755K [0x00000000e0000000, 0x00000000fba00000, 0x0000000100000000)
  eden space 350208K, 0% used [0x00000000e0000000,0x00000000e0000000,0x00000000f5600000)
  from space 24576K, 35% used [0x00000000f5600000,0x00000000f5e8cdd8,0x00000000f6e00000)
  to   space 23552K, 0% used [0x00000000fa300000,0x00000000fa300000,0x00000000fba00000)
 ParOldGen       total 175616K, used 62857K [0x00000000a0000000, 0x00000000aab80000, 0x00000000e0000000)
  object space 175616K, 35% used [0x00000000a0000000,0x00000000a3d62648,0x00000000aab80000)
 Metaspace       used 99474K, capacity 104446K, committed 104704K, reserved 1140736K
  class space    used 13131K, capacity 14010K, committed 14080K, reserved 1048576K
}
Event: 3630.662 GC heap before
{Heap before GC invocations=24 (full 4):
 PSYoungGen      total 374784K, used 358963K [0x00000000e0000000, 0x00000000fba00000, 0x0000000100000000)
  eden space 350208K, 100% used [0x00000000e0000000,0x00000000f5600000,0x00000000f5600000)
  from space 24576K, 35% used [0x00000000f5600000,0x00000000f5e8cdd8,0x00000000f6e00000)
  to   space 23552K, 0% used [0x00000000fa300000,0x00000000fa300000,0x00000000fba00000)
 ParOldGen       total 175616K, used 62857K [0x00000000a0000000, 0x00000000aab80000, 0x00000000e0000000)
  object space 175616K, 35% used [0x00000000a0000000,0x00000000a3d62648,0x00000000aab80000)
 Metaspace       used 100272K, capacity 105384K, committed 105600K, reserved 1140736K
  class space    used 13188K, capacity 14088K, committed 14208K, reserved 1048576K
Event: 3630.723 GC heap after
Heap after GC invocations=24 (full 4):
 PSYoungGen      total 408576K, used 11066K [0x00000000e0000000, 0x00000000faf00000, 0x0000000100000000)
  eden space 396288K, 0% used [0x00000000e0000000,0x00000000e0000000,0x00000000f8300000)
  from space 12288K, 90% used [0x00000000fa300000,0x00000000fadce920,0x00000000faf00000)
  to   space 22528K, 0% used [0x00000000f8300000,0x00000000f8300000,0x00000000f9900000)
 ParOldGen       total 175616K, used 62865K [0x00000000a0000000, 0x00000000aab80000, 0x00000000e0000000)
  object space 175616K, 35% used [0x00000000a0000000,0x00000000a3d64648,0x00000000aab80000)
 Metaspace       used 100272K, capacity 105384K, committed 105600K, reserved 1140736K
  class space    used 13188K, capacity 14088K, committed 14208K, reserved 1048576K
}

