# JRE version: Java(TM) SE Runtime Environment (8.0_201-b09) (build 1.8.0_201-b09)
# Java VM: Java HotSpot(TM) 64-Bit Server VM (25.201-b09 mixed mode windows-amd64 compressed oops)
Heap:
 PSYoungGen      total 476672K, used 403430K [0x00000000e0000000, 0x0000000100000000, 0x0000000100000000)
  eden space 436224K, 84% used [0x00000000e0000000,0x00000000f68b4200,0x00000000faa00000)
  from space 40448K, 84% used [0x00000000fd880000,0x00000000ff9c59b8,0x0000000100000000)
  to   space 44032K, 0% used [0x00000000faa00000,0x00000000faa00000,0x00000000fd500000)
 ParOldGen       total 179200K, used 47048K [0x00000000a0000000, 0x00000000aaf00000, 0x00000000e0000000)
  object space 179200K, 26% used [0x00000000a0000000,0x00000000a2df2008,0x00000000aaf00000)
 Metaspace       used 112781K, capacity 117240K, committed 117580K, reserved 1150976K
  class space    used 14558K, capacity 15388K, committed 15488K, reserved 1048576K
GC Heap History (10 events):
Event: 3896.224 GC heap before
{Heap before GC invocations=24 (full 4):
 PSYoungGen      total 338432K, used 334859K [0x00000000e0000000, 0x00000000f9500000, 0x0000000100000000)
  eden space 306176K, 100% used [0x00000000e0000000,0x00000000f2b00000,0x00000000f2b00000)
  from space 32256K, 88% used [0x00000000f2b00000,0x00000000f4702c38,0x00000000f4a80000)
  to   space 35840K, 0% used [0x00000000f7200000,0x00000000f7200000,0x00000000f9500000)
 ParOldGen       total 179200K, used 47024K [0x00000000a0000000, 0x00000000aaf00000, 0x00000000e0000000)
  object space 179200K, 26% used [0x00000000a0000000,0x00000000a2dec008,0x00000000aaf00000)
 Metaspace       used 111698K, capacity 115974K, committed 116556K, reserved 1150976K
  class space    used 14472K, capacity 15287K, committed 15488K, reserved 1048576K
Event: 3896.300 GC heap after
Heap after GC invocations=24 (full 4):
 PSYoungGen      total 378880K, used 21575K [0x00000000e0000000, 0x00000000f9a00000, 0x0000000100000000)
  eden space 343040K, 0% used [0x00000000e0000000,0x00000000e0000000,0x00000000f4f00000)
  from space 35840K, 60% used [0x00000000f7200000,0x00000000f8711c08,0x00000000f9500000)
  to   space 35840K, 0% used [0x00000000f4f00000,0x00000000f4f00000,0x00000000f7200000)
 ParOldGen       total 179200K, used 47032K [0x00000000a0000000, 0x00000000aaf00000, 0x00000000e0000000)
  object space 179200K, 26% used [0x00000000a0000000,0x00000000a2dee008,0x00000000aaf00000)
 Metaspace       used 111698K, capacity 115974K, committed 116556K, reserved 1150976K
  class space    used 14472K, capacity 15287K, committed 15488K, reserved 1048576K
}
Event: 3900.562 GC heap before
{Heap before GC invocations=25 (full 4):
 PSYoungGen      total 378880K, used 364615K [0x00000000e0000000, 0x00000000f9a00000, 0x0000000100000000)
  eden space 343040K, 100% used [0x00000000e0000000,0x00000000f4f00000,0x00000000f4f00000)
  from space 35840K, 60% used [0x00000000f7200000,0x00000000f8711c08,0x00000000f9500000)
  to   space 35840K, 0% used [0x00000000f4f00000,0x00000000f4f00000,0x00000000f7200000)
 ParOldGen       total 179200K, used 47032K [0x00000000a0000000, 0x00000000aaf00000, 0x00000000e0000000)
  object space 179200K, 26% used [0x00000000a0000000,0x00000000a2dee008,0x00000000aaf00000)
 Metaspace       used 112054K, capacity 116342K, committed 116812K, reserved 1150976K
  class space    used 14501K, capacity 15329K, committed 15488K, reserved 1048576K
Event: 3900.649 GC heap after
Heap after GC invocations=25 (full 4):
 PSYoungGen      total 378880K, used 27991K [0x00000000e0000000, 0x00000000fcd80000, 0x0000000100000000)
  eden space 343040K, 0% used [0x00000000e0000000,0x00000000e0000000,0x00000000f4f00000)
  from space 35840K, 78% used [0x00000000f4f00000,0x00000000f6a55f00,0x00000000f7200000)
  to   space 38400K, 0% used [0x00000000fa800000,0x00000000fa800000,0x00000000fcd80000)
 ParOldGen       total 179200K, used 47032K [0x00000000a0000000, 0x00000000aaf00000, 0x00000000e0000000)
  object space 179200K, 26% used [0x00000000a0000000,0x00000000a2dee008,0x00000000aaf00000)
 Metaspace       used 112054K, capacity 116342K, committed 116812K, reserved 1150976K
  class space    used 14501K, capacity 15329K, committed 15488K, reserved 1048576K
}
Event: 3904.727 GC heap before
{Heap before GC invocations=26 (full 4):
 PSYoungGen      total 378880K, used 371031K [0x00000000e0000000, 0x00000000fcd80000, 0x0000000100000000)
  eden space 343040K, 100% used [0x00000000e0000000,0x00000000f4f00000,0x00000000f4f00000)
  from space 35840K, 78% used [0x00000000f4f00000,0x00000000f6a55f00,0x00000000f7200000)
  to   space 38400K, 0% used [0x00000000fa800000,0x00000000fa800000,0x00000000fcd80000)
 ParOldGen       total 179200K, used 47032K [0x00000000a0000000, 0x00000000aaf00000, 0x00000000e0000000)
  object space 179200K, 26% used [0x00000000a0000000,0x00000000a2dee008,0x00000000aaf00000)
 Metaspace       used 112189K, capacity 116490K, committed 116812K, reserved 1150976K
  class space    used 14501K, capacity 15329K, committed 15488K, reserved 1048576K
Event: 3904.784 GC heap after
Heap after GC invocations=26 (full 4):
 PSYoungGen      total 433664K, used 25356K [0x00000000e0000000, 0x00000000fce80000, 0x0000000100000000)
  eden space 395264K, 0% used [0x00000000e0000000,0x00000000e0000000,0x00000000f8200000)
  from space 38400K, 66% used [0x00000000fa800000,0x00000000fc0c3258,0x00000000fcd80000)
  to   space 38912K, 0% used [0x00000000f8200000,0x00000000f8200000,0x00000000fa800000)
 ParOldGen       total 179200K, used 47040K [0x00000000a0000000, 0x00000000aaf00000, 0x00000000e0000000)
  object space 179200K, 26% used [0x00000000a0000000,0x00000000a2df0008,0x00000000aaf00000)
 Metaspace       used 112189K, capacity 116490K, committed 116812K, reserved 1150976K
  class space    used 14501K, capacity 15329K, committed 15488K, reserved 1048576K
}
Event: 3908.669 GC heap before
{Heap before GC invocations=27 (full 4):
 PSYoungGen      total 433664K, used 420620K [0x00000000e0000000, 0x00000000fce80000, 0x0000000100000000)
  eden space 395264K, 100% used [0x00000000e0000000,0x00000000f8200000,0x00000000f8200000)
  from space 38400K, 66% used [0x00000000fa800000,0x00000000fc0c3258,0x00000000fcd80000)
  to   space 38912K, 0% used [0x00000000f8200000,0x00000000f8200000,0x00000000fa800000)
 ParOldGen       total 179200K, used 47040K [0x00000000a0000000, 0x00000000aaf00000, 0x00000000e0000000)
  object space 179200K, 26% used [0x00000000a0000000,0x00000000a2df0008,0x00000000aaf00000)
 Metaspace       used 112221K, capacity 116498K, committed 116812K, reserved 1150976K
  class space    used 14501K, capacity 15329K, committed 15488K, reserved 1048576K
Event: 3908.801 GC heap after
Heap after GC invocations=27 (full 4):
 PSYoungGen      total 434176K, used 27948K [0x00000000e0000000, 0x0000000100000000, 0x0000000100000000)
  eden space 395264K, 0% used [0x00000000e0000000,0x00000000e0000000,0x00000000f8200000)
  from space 38912K, 71% used [0x00000000f8200000,0x00000000f9d4b248,0x00000000fa800000)
  to   space 40448K, 0% used [0x00000000fd880000,0x00000000fd880000,0x0000000100000000)
 ParOldGen       total 179200K, used 47040K [0x00000000a0000000, 0x00000000aaf00000, 0x00000000e0000000)
  object space 179200K, 26% used [0x00000000a0000000,0x00000000a2df0008,0x00000000aaf00000)
 Metaspace       used 112221K, capacity 116498K, committed 116812K, reserved 1150976K
  class space    used 14501K, capacity 15329K, committed 15488K, reserved 1048576K
}
Event: 3912.429 GC heap before
{Heap before GC invocations=28 (full 4):
 PSYoungGen      total 434176K, used 423212K [0x00000000e0000000, 0x0000000100000000, 0x0000000100000000)
  eden space 395264K, 100% used [0x00000000e0000000,0x00000000f8200000,0x00000000f8200000)
  from space 38912K, 71% used [0x00000000f8200000,0x00000000f9d4b248,0x00000000fa800000)
  to   space 40448K, 0% used [0x00000000fd880000,0x00000000fd880000,0x0000000100000000)
 ParOldGen       total 179200K, used 47040K [0x00000000a0000000, 0x00000000aaf00000, 0x00000000e0000000)
  object space 179200K, 26% used [0x00000000a0000000,0x00000000a2df0008,0x00000000aaf00000)
 Metaspace       used 112527K, capacity 116860K, committed 117068K, reserved 1150976K
  class space    used 14535K, capacity 15352K, committed 15488K, reserved 1048576K
Event: 3912.699 GC heap after
Heap after GC invocations=28 (full 4):
 PSYoungGen      total 476672K, used 34070K [0x00000000e0000000, 0x0000000100000000, 0x0000000100000000)
  eden space 436224K, 0% used [0x00000000e0000000,0x00000000e0000000,0x00000000faa00000)
  from space 40448K, 84% used [0x00000000fd880000,0x00000000ff9c59b8,0x0000000100000000)
  to   space 44032K, 0% used [0x00000000faa00000,0x00000000faa00000,0x00000000fd500000)
 ParOldGen       total 179200K, used 47048K [0x00000000a0000000, 0x00000000aaf00000, 0x00000000e0000000)
  object space 179200K, 26% used [0x00000000a0000000,0x00000000a2df2008,0x00000000aaf00000)
 Metaspace       used 112527K, capacity 116860K, committed 117068K, reserved 1150976K
  class space    used 14535K, capacity 15352K, committed 15488K, reserved 1048576K
}

