# JRE version: Java(TM) SE Runtime Environment (8.0_201-b09) (build 1.8.0_201-b09)
# Java VM: Java HotSpot(TM) 64-Bit Server VM (25.201-b09 mixed mode windows-amd64 compressed oops)
Heap:
 PSYoungGen      total 207872K, used 14459K [0x00000000e0000000, 0x00000000ee800000, 0x0000000100000000)
  eden space 178176K, 3% used [0x00000000e0000000,0x00000000e064cad0,0x00000000eae00000)
  from space 29696K, 26% used [0x00000000eae00000,0x00000000eb5d22b8,0x00000000ecb00000)
  to   space 14848K, 0% used [0x00000000ed980000,0x00000000ed980000,0x00000000ee800000)
 ParOldGen       total 215552K, used 58390K [0x00000000a0000000, 0x00000000ad280000, 0x00000000e0000000)
  object space 215552K, 27% used [0x00000000a0000000,0x00000000a3905ab0,0x00000000ad280000)
 Metaspace       used 94947K, capacity 99428K, committed 99660K, reserved 1136640K
  class space    used 12496K, capacity 13295K, committed 13440K, reserved 1048576K
GC Heap History (10 events):
Event: 1467.978 GC heap before
{Heap before GC invocations=17 (full 3):
 PSYoungGen      total 220672K, used 220666K [0x00000000e0000000, 0x00000000f0300000, 0x0000000100000000)
  eden space 196096K, 100% used [0x00000000e0000000,0x00000000ebf80000,0x00000000ebf80000)
  from space 24576K, 99% used [0x00000000edf00000,0x00000000ef6fe900,0x00000000ef700000)
  to   space 12288K, 0% used [0x00000000ef700000,0x00000000ef700000,0x00000000f0300000)
 ParOldGen       total 143360K, used 49371K [0x00000000a0000000, 0x00000000a8c00000, 0x00000000e0000000)
  object space 143360K, 34% used [0x00000000a0000000,0x00000000a3036ce0,0x00000000a8c00000)
 Metaspace       used 79765K, capacity 83528K, committed 83712K, reserved 1122304K
  class space    used 10529K, capacity 11206K, committed 11264K, reserved 1048576K
Event: 1468.176 GC heap after
Heap after GC invocations=17 (full 3):
 PSYoungGen      total 202240K, used 12280K [0x00000000e0000000, 0x00000000f0300000, 0x0000000100000000)
  eden space 189952K, 0% used [0x00000000e0000000,0x00000000e0000000,0x00000000eb980000)
  from space 12288K, 99% used [0x00000000ef700000,0x00000000f02fe030,0x00000000f0300000)
  to   space 31232K, 0% used [0x00000000ec600000,0x00000000ec600000,0x00000000ee480000)
 ParOldGen       total 143360K, used 61366K [0x00000000a0000000, 0x00000000a8c00000, 0x00000000e0000000)
  object space 143360K, 42% used [0x00000000a0000000,0x00000000a3bed8a8,0x00000000a8c00000)
 Metaspace       used 79765K, capacity 83528K, committed 83712K, reserved 1122304K
  class space    used 10529K, capacity 11206K, committed 11264K, reserved 1048576K
}
Event: 1485.186 GC heap before
{Heap before GC invocations=18 (full 3):
 PSYoungGen      total 202240K, used 202232K [0x00000000e0000000, 0x00000000f0300000, 0x0000000100000000)
  eden space 189952K, 100% used [0x00000000e0000000,0x00000000eb980000,0x00000000eb980000)
  from space 12288K, 99% used [0x00000000ef700000,0x00000000f02fe030,0x00000000f0300000)
  to   space 31232K, 0% used [0x00000000ec600000,0x00000000ec600000,0x00000000ee480000)
 ParOldGen       total 143360K, used 61366K [0x00000000a0000000, 0x00000000a8c00000, 0x00000000e0000000)
  object space 143360K, 42% used [0x00000000a0000000,0x00000000a3bed8a8,0x00000000a8c00000)
 Metaspace       used 86692K, capacity 90726K, committed 90752K, reserved 1128448K
  class space    used 11376K, capacity 12139K, committed 12160K, reserved 1048576K
Event: 1485.291 GC heap after
Heap after GC invocations=18 (full 3):
 PSYoungGen      total 194560K, used 10673K [0x00000000e0000000, 0x00000000ef780000, 0x0000000100000000)
  eden space 183808K, 0% used [0x00000000e0000000,0x00000000e0000000,0x00000000eb380000)
  from space 10752K, 99% used [0x00000000ec600000,0x00000000ed06c5a8,0x00000000ed080000)
  to   space 30720K, 0% used [0x00000000ed980000,0x00000000ed980000,0x00000000ef780000)
 ParOldGen       total 143360K, used 73448K [0x00000000a0000000, 0x00000000a8c00000, 0x00000000e0000000)
  object space 143360K, 51% used [0x00000000a0000000,0x00000000a47ba2b8,0x00000000a8c00000)
 Metaspace       used 86692K, capacity 90726K, committed 90752K, reserved 1128448K
  class space    used 11376K, capacity 12139K, committed 12160K, reserved 1048576K
}
Event: 1493.292 GC heap before
{Heap before GC invocations=19 (full 3):
 PSYoungGen      total 194560K, used 189754K [0x00000000e0000000, 0x00000000ef780000, 0x0000000100000000)
  eden space 183808K, 97% used [0x00000000e0000000,0x00000000eaee2338,0x00000000eb380000)
  from space 10752K, 99% used [0x00000000ec600000,0x00000000ed06c5a8,0x00000000ed080000)
  to   space 30720K, 0% used [0x00000000ed980000,0x00000000ed980000,0x00000000ef780000)
 ParOldGen       total 143360K, used 73448K [0x00000000a0000000, 0x00000000a8c00000, 0x00000000e0000000)
  object space 143360K, 51% used [0x00000000a0000000,0x00000000a47ba2b8,0x00000000a8c00000)
 Metaspace       used 93805K, capacity 98348K, committed 98380K, reserved 1134592K
  class space    used 12340K, capacity 13160K, committed 13184K, reserved 1048576K
Event: 1493.348 GC heap after
Heap after GC invocations=19 (full 3):
 PSYoungGen      total 193024K, used 10174K [0x00000000e0000000, 0x00000000ee800000, 0x0000000100000000)
  eden space 178176K, 0% used [0x00000000e0000000,0x00000000e0000000,0x00000000eae00000)
  from space 14848K, 68% used [0x00000000ed980000,0x00000000ee36f9b8,0x00000000ee800000)
  to   space 29696K, 0% used [0x00000000eae00000,0x00000000eae00000,0x00000000ecb00000)
 ParOldGen       total 143360K, used 73464K [0x00000000a0000000, 0x00000000a8c00000, 0x00000000e0000000)
  object space 143360K, 51% used [0x00000000a0000000,0x00000000a47be2b8,0x00000000a8c00000)
 Metaspace       used 93805K, capacity 98348K, committed 98380K, reserved 1134592K
  class space    used 12340K, capacity 13160K, committed 13184K, reserved 1048576K
}
Event: 1493.348 GC heap before
{Heap before GC invocations=20 (full 4):
 PSYoungGen      total 193024K, used 10174K [0x00000000e0000000, 0x00000000ee800000, 0x0000000100000000)
  eden space 178176K, 0% used [0x00000000e0000000,0x00000000e0000000,0x00000000eae00000)
  from space 14848K, 68% used [0x00000000ed980000,0x00000000ee36f9b8,0x00000000ee800000)
  to   space 29696K, 0% used [0x00000000eae00000,0x00000000eae00000,0x00000000ecb00000)
 ParOldGen       total 143360K, used 73464K [0x00000000a0000000, 0x00000000a8c00000, 0x00000000e0000000)
  object space 143360K, 51% used [0x00000000a0000000,0x00000000a47be2b8,0x00000000a8c00000)
 Metaspace       used 93805K, capacity 98348K, committed 98380K, reserved 1134592K
  class space    used 12340K, capacity 13160K, committed 13184K, reserved 1048576K
Event: 1494.338 GC heap after
Heap after GC invocations=20 (full 4):
 PSYoungGen      total 193024K, used 0K [0x00000000e0000000, 0x00000000ee800000, 0x0000000100000000)
  eden space 178176K, 0% used [0x00000000e0000000,0x00000000e0000000,0x00000000eae00000)
  from space 14848K, 0% used [0x00000000ed980000,0x00000000ed980000,0x00000000ee800000)
  to   space 29696K, 0% used [0x00000000eae00000,0x00000000eae00000,0x00000000ecb00000)
 ParOldGen       total 215552K, used 58382K [0x00000000a0000000, 0x00000000ad280000, 0x00000000e0000000)
  object space 215552K, 27% used [0x00000000a0000000,0x00000000a3903ab0,0x00000000ad280000)
 Metaspace       used 93713K, capacity 98090K, committed 98380K, reserved 1134592K
  class space    used 12311K, capacity 13114K, committed 13184K, reserved 1048576K
}
Event: 1503.062 GC heap before
{Heap before GC invocations=21 (full 4):
 PSYoungGen      total 193024K, used 177932K [0x00000000e0000000, 0x00000000ee800000, 0x0000000100000000)
  eden space 178176K, 99% used [0x00000000e0000000,0x00000000eadc32f8,0x00000000eae00000)
  from space 14848K, 0% used [0x00000000ed980000,0x00000000ed980000,0x00000000ee800000)
  to   space 29696K, 0% used [0x00000000eae00000,0x00000000eae00000,0x00000000ecb00000)
 ParOldGen       total 215552K, used 58382K [0x00000000a0000000, 0x00000000ad280000, 0x00000000e0000000)
  object space 215552K, 27% used [0x00000000a0000000,0x00000000a3903ab0,0x00000000ad280000)
 Metaspace       used 94946K, capacity 99428K, committed 99660K, reserved 1136640K
  class space    used 12496K, capacity 13295K, committed 13440K, reserved 1048576K
Event: 1503.115 GC heap after
Heap after GC invocations=21 (full 4):
 PSYoungGen      total 207872K, used 8008K [0x00000000e0000000, 0x00000000ee800000, 0x0000000100000000)
  eden space 178176K, 0% used [0x00000000e0000000,0x00000000e0000000,0x00000000eae00000)
  from space 29696K, 26% used [0x00000000eae00000,0x00000000eb5d22b8,0x00000000ecb00000)
  to   space 14848K, 0% used [0x00000000ed980000,0x00000000ed980000,0x00000000ee800000)
 ParOldGen       total 215552K, used 58390K [0x00000000a0000000, 0x00000000ad280000, 0x00000000e0000000)
  object space 215552K, 27% used [0x00000000a0000000,0x00000000a3905ab0,0x00000000ad280000)
 Metaspace       used 94946K, capacity 99428K, committed 99660K, reserved 1136640K
  class space    used 12496K, capacity 13295K, committed 13440K, reserved 1048576K
}

