# JRE version: Java(TM) SE Runtime Environment (8.0_201-b09) (build 1.8.0_201-b09)
# Java VM: Java HotSpot(TM) 64-Bit Server VM (25.201-b09 mixed mode windows-amd64 compressed oops)
Heap:
 PSYoungGen      total 307200K, used 135649K [0x00000000e0000000, 0x00000000f4600000, 0x0000000100000000)
  eden space 287744K, 42% used [0x00000000e0000000,0x00000000e7864270,0x00000000f1900000)
  from space 19456K, 63% used [0x00000000f3300000,0x00000000f3f14560,0x00000000f4600000)
  to   space 23040K, 0% used [0x00000000f1900000,0x00000000f1900000,0x00000000f2f80000)
 ParOldGen       total 125952K, used 44182K [0x00000000a0000000, 0x00000000a7b00000, 0x00000000e0000000)
  object space 125952K, 35% used [0x00000000a0000000,0x00000000a2b25ae8,0x00000000a7b00000)
 Metaspace       used 89105K, capacity 92098K, committed 92288K, reserved 1130496K
  class space    used 11476K, capacity 12099K, committed 12160K, reserved 1048576K
GC Heap History (10 events):
Event: 43.724 GC heap before
{Heap before GC invocations=17 (full 3):
 PSYoungGen      total 203776K, used 203347K [0x00000000e0000000, 0x00000000f0580000, 0x0000000100000000)
  eden space 186368K, 100% used [0x00000000e0000000,0x00000000eb600000,0x00000000eb600000)
  from space 17408K, 97% used [0x00000000eb600000,0x00000000ec694c08,0x00000000ec700000)
  to   space 19968K, 0% used [0x00000000ef200000,0x00000000ef200000,0x00000000f0580000)
 ParOldGen       total 125952K, used 29582K [0x00000000a0000000, 0x00000000a7b00000, 0x00000000e0000000)
  object space 125952K, 23% used [0x00000000a0000000,0x00000000a1ce3828,0x00000000a7b00000)
 Metaspace       used 71138K, capacity 73554K, committed 73600K, reserved 1112064K
  class space    used 9596K, capacity 10105K, committed 10112K, reserved 1048576K
Event: 43.776 GC heap after
Heap after GC invocations=17 (full 3):
 PSYoungGen      total 242176K, used 19954K [0x00000000e0000000, 0x00000000f0600000, 0x0000000100000000)
  eden space 222208K, 0% used [0x00000000e0000000,0x00000000e0000000,0x00000000ed900000)
  from space 19968K, 99% used [0x00000000ef200000,0x00000000f057cbb8,0x00000000f0580000)
  to   space 23040K, 0% used [0x00000000ed900000,0x00000000ed900000,0x00000000eef80000)
 ParOldGen       total 125952K, used 29878K [0x00000000a0000000, 0x00000000a7b00000, 0x00000000e0000000)
  object space 125952K, 23% used [0x00000000a0000000,0x00000000a1d2d828,0x00000000a7b00000)
 Metaspace       used 71138K, capacity 73554K, committed 73600K, reserved 1112064K
  class space    used 9596K, capacity 10105K, committed 10112K, reserved 1048576K
}
Event: 45.909 GC heap before
{Heap before GC invocations=18 (full 3):
 PSYoungGen      total 242176K, used 242162K [0x00000000e0000000, 0x00000000f0600000, 0x0000000100000000)
  eden space 222208K, 100% used [0x00000000e0000000,0x00000000ed900000,0x00000000ed900000)
  from space 19968K, 99% used [0x00000000ef200000,0x00000000f057cbb8,0x00000000f0580000)
  to   space 23040K, 0% used [0x00000000ed900000,0x00000000ed900000,0x00000000eef80000)
 ParOldGen       total 125952K, used 29878K [0x00000000a0000000, 0x00000000a7b00000, 0x00000000e0000000)
  object space 125952K, 23% used [0x00000000a0000000,0x00000000a1d2d828,0x00000000a7b00000)
 Metaspace       used 71640K, capacity 74198K, committed 74496K, reserved 1114112K
  class space    used 9662K, capacity 10177K, committed 10240K, reserved 1048576K
Event: 45.965 GC heap after
Heap after GC invocations=18 (full 3):
 PSYoungGen      total 245248K, used 21309K [0x00000000e0000000, 0x00000000f3a80000, 0x0000000100000000)
  eden space 222208K, 0% used [0x00000000e0000000,0x00000000e0000000,0x00000000ed900000)
  from space 23040K, 92% used [0x00000000ed900000,0x00000000eedcf798,0x00000000eef80000)
  to   space 25600K, 0% used [0x00000000f2180000,0x00000000f2180000,0x00000000f3a80000)
 ParOldGen       total 125952K, used 44150K [0x00000000a0000000, 0x00000000a7b00000, 0x00000000e0000000)
  object space 125952K, 35% used [0x00000000a0000000,0x00000000a2b1dae8,0x00000000a7b00000)
 Metaspace       used 71640K, capacity 74198K, committed 74496K, reserved 1114112K
  class space    used 9662K, capacity 10177K, committed 10240K, reserved 1048576K
}
Event: 205.050 GC heap before
{Heap before GC invocations=19 (full 3):
 PSYoungGen      total 245248K, used 243517K [0x00000000e0000000, 0x00000000f3a80000, 0x0000000100000000)
  eden space 222208K, 100% used [0x00000000e0000000,0x00000000ed900000,0x00000000ed900000)
  from space 23040K, 92% used [0x00000000ed900000,0x00000000eedcf798,0x00000000eef80000)
  to   space 25600K, 0% used [0x00000000f2180000,0x00000000f2180000,0x00000000f3a80000)
 ParOldGen       total 125952K, used 44150K [0x00000000a0000000, 0x00000000a7b00000, 0x00000000e0000000)
  object space 125952K, 35% used [0x00000000a0000000,0x00000000a2b1dae8,0x00000000a7b00000)
 Metaspace       used 78724K, capacity 81612K, committed 81664K, reserved 1120256K
  class space    used 10367K, capacity 10968K, committed 11008K, reserved 1048576K
Event: 205.102 GC heap after
Heap after GC invocations=19 (full 3):
 PSYoungGen      total 278016K, used 13096K [0x00000000e0000000, 0x00000000f3080000, 0x0000000100000000)
  eden space 262656K, 0% used [0x00000000e0000000,0x00000000e0000000,0x00000000f0080000)
  from space 15360K, 85% used [0x00000000f2180000,0x00000000f2e4a100,0x00000000f3080000)
  to   space 24576K, 0% used [0x00000000f0080000,0x00000000f0080000,0x00000000f1880000)
 ParOldGen       total 125952K, used 44158K [0x00000000a0000000, 0x00000000a7b00000, 0x00000000e0000000)
  object space 125952K, 35% used [0x00000000a0000000,0x00000000a2b1fae8,0x00000000a7b00000)
 Metaspace       used 78724K, capacity 81612K, committed 81664K, reserved 1120256K
  class space    used 10367K, capacity 10968K, committed 11008K, reserved 1048576K
}
Event: 221.681 GC heap before
{Heap before GC invocations=20 (full 3):
 PSYoungGen      total 278016K, used 275752K [0x00000000e0000000, 0x00000000f3080000, 0x0000000100000000)
  eden space 262656K, 100% used [0x00000000e0000000,0x00000000f0080000,0x00000000f0080000)
  from space 15360K, 85% used [0x00000000f2180000,0x00000000f2e4a100,0x00000000f3080000)
  to   space 24576K, 0% used [0x00000000f0080000,0x00000000f0080000,0x00000000f1880000)
 ParOldGen       total 125952K, used 44158K [0x00000000a0000000, 0x00000000a7b00000, 0x00000000e0000000)
  object space 125952K, 35% used [0x00000000a0000000,0x00000000a2b1fae8,0x00000000a7b00000)
 Metaspace       used 83099K, capacity 86204K, committed 86272K, reserved 1124352K
  class space    used 10802K, capacity 11458K, committed 11520K, reserved 1048576K
Event: 221.741 GC heap after
Heap after GC invocations=20 (full 3):
 PSYoungGen      total 287232K, used 12928K [0x00000000e0000000, 0x00000000f4a80000, 0x0000000100000000)
  eden space 262656K, 0% used [0x00000000e0000000,0x00000000e0000000,0x00000000f0080000)
  from space 24576K, 52% used [0x00000000f0080000,0x00000000f0d20188,0x00000000f1880000)
  to   space 24064K, 0% used [0x00000000f3300000,0x00000000f3300000,0x00000000f4a80000)
 ParOldGen       total 125952K, used 44174K [0x00000000a0000000, 0x00000000a7b00000, 0x00000000e0000000)
  object space 125952K, 35% used [0x00000000a0000000,0x00000000a2b23ae8,0x00000000a7b00000)
 Metaspace       used 83099K, capacity 86204K, committed 86272K, reserved 1124352K
  class space    used 10802K, capacity 11458K, committed 11520K, reserved 1048576K
}
Event: 229.124 GC heap before
{Heap before GC invocations=21 (full 3):
 PSYoungGen      total 287232K, used 275584K [0x00000000e0000000, 0x00000000f4a80000, 0x0000000100000000)
  eden space 262656K, 100% used [0x00000000e0000000,0x00000000f0080000,0x00000000f0080000)
  from space 24576K, 52% used [0x00000000f0080000,0x00000000f0d20188,0x00000000f1880000)
  to   space 24064K, 0% used [0x00000000f3300000,0x00000000f3300000,0x00000000f4a80000)
 ParOldGen       total 125952K, used 44174K [0x00000000a0000000, 0x00000000a7b00000, 0x00000000e0000000)
  object space 125952K, 35% used [0x00000000a0000000,0x00000000a2b23ae8,0x00000000a7b00000)
 Metaspace       used 85874K, capacity 88956K, committed 89216K, reserved 1126400K
  class space    used 11208K, capacity 11842K, committed 11904K, reserved 1048576K
Event: 229.167 GC heap after
Heap after GC invocations=21 (full 3):
 PSYoungGen      total 307200K, used 12369K [0x00000000e0000000, 0x00000000f4600000, 0x0000000100000000)
  eden space 287744K, 0% used [0x00000000e0000000,0x00000000e0000000,0x00000000f1900000)
  from space 19456K, 63% used [0x00000000f3300000,0x00000000f3f14560,0x00000000f4600000)
  to   space 23040K, 0% used [0x00000000f1900000,0x00000000f1900000,0x00000000f2f80000)
 ParOldGen       total 125952K, used 44182K [0x00000000a0000000, 0x00000000a7b00000, 0x00000000e0000000)
  object space 125952K, 35% used [0x00000000a0000000,0x00000000a2b25ae8,0x00000000a7b00000)
 Metaspace       used 85874K, capacity 88956K, committed 89216K, reserved 1126400K
  class space    used 11208K, capacity 11842K, committed 11904K, reserved 1048576K
}

