# JRE version: Java(TM) SE Runtime Environment (8.0_201-b09) (build 1.8.0_201-b09)
# Java VM: Java HotSpot(TM) 64-Bit Server VM (25.201-b09 mixed mode windows-amd64 compressed oops)
Heap:
 PSYoungGen      total 343040K, used 59809K [0x00000000e0000000, 0x00000000f8880000, 0x0000000100000000)
  eden space 299008K, 13% used [0x00000000e0000000,0x00000000e2627970,0x00000000f2400000)
  from space 44032K, 47% used [0x00000000f2400000,0x00000000f3840ad0,0x00000000f4f00000)
  to   space 42496K, 0% used [0x00000000f5f00000,0x00000000f5f00000,0x00000000f8880000)
 ParOldGen       total 179712K, used 56325K [0x00000000a0000000, 0x00000000aaf80000, 0x00000000e0000000)
  object space 179712K, 31% used [0x00000000a0000000,0x00000000a3701508,0x00000000aaf80000)
 Metaspace       used 101384K, capacity 108000K, committed 108160K, reserved 1142784K
  class space    used 13202K, capacity 14371K, committed 14464K, reserved 1048576K
GC Heap History (10 events):
Event: 445.130 GC heap before
{Heap before GC invocations=37 (full 4):
 PSYoungGen      total 304640K, used 17520K [0x00000000e0000000, 0x00000000f6c80000, 0x0000000100000000)
  eden space 257536K, 0% used [0x00000000e0000000,0x00000000e0000000,0x00000000efb80000)
  from space 47104K, 37% used [0x00000000efb80000,0x00000000f0c9c0a0,0x00000000f2980000)
  to   space 45568K, 0% used [0x00000000f4000000,0x00000000f4000000,0x00000000f6c80000)
 ParOldGen       total 122368K, used 72834K [0x00000000a0000000, 0x00000000a7780000, 0x00000000e0000000)
  object space 122368K, 59% used [0x00000000a0000000,0x00000000a4720b70,0x00000000a7780000)
 Metaspace       used 92992K, capacity 98412K, committed 98560K, reserved 1134592K
  class space    used 12323K, capacity 13333K, committed 13440K, reserved 1048576K
Event: 445.519 GC heap after
Heap after GC invocations=37 (full 4):
 PSYoungGen      total 304640K, used 0K [0x00000000e0000000, 0x00000000f6c80000, 0x0000000100000000)
  eden space 257536K, 0% used [0x00000000e0000000,0x00000000e0000000,0x00000000efb80000)
  from space 47104K, 0% used [0x00000000efb80000,0x00000000efb80000,0x00000000f2980000)
  to   space 45568K, 0% used [0x00000000f4000000,0x00000000f4000000,0x00000000f6c80000)
 ParOldGen       total 179712K, used 56293K [0x00000000a0000000, 0x00000000aaf80000, 0x00000000e0000000)
  object space 179712K, 31% used [0x00000000a0000000,0x00000000a36f9508,0x00000000aaf80000)
 Metaspace       used 92935K, capacity 98256K, committed 98560K, reserved 1134592K
  class space    used 12303K, capacity 13299K, committed 13440K, reserved 1048576K
}
Event: 485.714 GC heap before
{Heap before GC invocations=38 (full 4):
 PSYoungGen      total 304640K, used 257536K [0x00000000e0000000, 0x00000000f6c80000, 0x0000000100000000)
  eden space 257536K, 100% used [0x00000000e0000000,0x00000000efb80000,0x00000000efb80000)
  from space 47104K, 0% used [0x00000000efb80000,0x00000000efb80000,0x00000000f2980000)
  to   space 45568K, 0% used [0x00000000f4000000,0x00000000f4000000,0x00000000f6c80000)
 ParOldGen       total 179712K, used 56293K [0x00000000a0000000, 0x00000000aaf80000, 0x00000000e0000000)
  object space 179712K, 31% used [0x00000000a0000000,0x00000000a36f9508,0x00000000aaf80000)
 Metaspace       used 93306K, capacity 98832K, committed 99072K, reserved 1134592K
  class space    used 12339K, capacity 13363K, committed 13440K, reserved 1048576K
Event: 485.730 GC heap after
Heap after GC invocations=38 (full 4):
 PSYoungGen      total 326656K, used 3840K [0x00000000e0000000, 0x00000000f6e80000, 0x0000000100000000)
  eden space 281088K, 0% used [0x00000000e0000000,0x00000000e0000000,0x00000000f1280000)
  from space 45568K, 8% used [0x00000000f4000000,0x00000000f43c0030,0x00000000f6c80000)
  to   space 46592K, 0% used [0x00000000f1280000,0x00000000f1280000,0x00000000f4000000)
 ParOldGen       total 179712K, used 56301K [0x00000000a0000000, 0x00000000aaf80000, 0x00000000e0000000)
  object space 179712K, 31% used [0x00000000a0000000,0x00000000a36fb508,0x00000000aaf80000)
 Metaspace       used 93306K, capacity 98832K, committed 99072K, reserved 1134592K
  class space    used 12339K, capacity 13363K, committed 13440K, reserved 1048576K
}
Event: 679.715 GC heap before
{Heap before GC invocations=39 (full 4):
 PSYoungGen      total 326656K, used 284928K [0x00000000e0000000, 0x00000000f6e80000, 0x0000000100000000)
  eden space 281088K, 100% used [0x00000000e0000000,0x00000000f1280000,0x00000000f1280000)
  from space 45568K, 8% used [0x00000000f4000000,0x00000000f43c0030,0x00000000f6c80000)
  to   space 46592K, 0% used [0x00000000f1280000,0x00000000f1280000,0x00000000f4000000)
 ParOldGen       total 179712K, used 56301K [0x00000000a0000000, 0x00000000aaf80000, 0x00000000e0000000)
  object space 179712K, 31% used [0x00000000a0000000,0x00000000a36fb508,0x00000000aaf80000)
 Metaspace       used 96987K, capacity 103060K, committed 103296K, reserved 1138688K
  class space    used 12743K, capacity 13831K, committed 13952K, reserved 1048576K
Event: 679.757 GC heap after
Heap after GC invocations=39 (full 4):
 PSYoungGen      total 327680K, used 11963K [0x00000000e0000000, 0x00000000f8100000, 0x0000000100000000)
  eden space 281088K, 0% used [0x00000000e0000000,0x00000000e0000000,0x00000000f1280000)
  from space 46592K, 25% used [0x00000000f1280000,0x00000000f1e2ecc0,0x00000000f4000000)
  to   space 45568K, 0% used [0x00000000f5480000,0x00000000f5480000,0x00000000f8100000)
 ParOldGen       total 179712K, used 56309K [0x00000000a0000000, 0x00000000aaf80000, 0x00000000e0000000)
  object space 179712K, 31% used [0x00000000a0000000,0x00000000a36fd508,0x00000000aaf80000)
 Metaspace       used 96987K, capacity 103060K, committed 103296K, reserved 1138688K
  class space    used 12743K, capacity 13831K, committed 13952K, reserved 1048576K
}
Event: 1531.496 GC heap before
{Heap before GC invocations=40 (full 4):
 PSYoungGen      total 327680K, used 293051K [0x00000000e0000000, 0x00000000f8100000, 0x0000000100000000)
  eden space 281088K, 100% used [0x00000000e0000000,0x00000000f1280000,0x00000000f1280000)
  from space 46592K, 25% used [0x00000000f1280000,0x00000000f1e2ecc0,0x00000000f4000000)
  to   space 45568K, 0% used [0x00000000f5480000,0x00000000f5480000,0x00000000f8100000)
 ParOldGen       total 179712K, used 56309K [0x00000000a0000000, 0x00000000aaf80000, 0x00000000e0000000)
  object space 179712K, 31% used [0x00000000a0000000,0x00000000a36fd508,0x00000000aaf80000)
 Metaspace       used 100341K, capacity 106674K, committed 107008K, reserved 1142784K
  class space    used 13105K, capacity 14246K, committed 14336K, reserved 1048576K
Event: 1531.660 GC heap after
Heap after GC invocations=40 (full 4):
 PSYoungGen      total 337408K, used 11458K [0x00000000e0000000, 0x00000000f7a00000, 0x0000000100000000)
  eden space 299008K, 0% used [0x00000000e0000000,0x00000000e0000000,0x00000000f2400000)
  from space 38400K, 29% used [0x00000000f5480000,0x00000000f5fb0968,0x00000000f7a00000)
  to   space 44032K, 0% used [0x00000000f2400000,0x00000000f2400000,0x00000000f4f00000)
 ParOldGen       total 179712K, used 56317K [0x00000000a0000000, 0x00000000aaf80000, 0x00000000e0000000)
  object space 179712K, 31% used [0x00000000a0000000,0x00000000a36ff508,0x00000000aaf80000)
 Metaspace       used 100341K, capacity 106674K, committed 107008K, reserved 1142784K
  class space    used 13105K, capacity 14246K, committed 14336K, reserved 1048576K
}
Event: 1539.365 GC heap before
{Heap before GC invocations=41 (full 4):
 PSYoungGen      total 337408K, used 310236K [0x00000000e0000000, 0x00000000f7a00000, 0x0000000100000000)
  eden space 299008K, 99% used [0x00000000e0000000,0x00000000f23c67a0,0x00000000f2400000)
  from space 38400K, 29% used [0x00000000f5480000,0x00000000f5fb0968,0x00000000f7a00000)
  to   space 44032K, 0% used [0x00000000f2400000,0x00000000f2400000,0x00000000f4f00000)
 ParOldGen       total 179712K, used 56317K [0x00000000a0000000, 0x00000000aaf80000, 0x00000000e0000000)
  object space 179712K, 31% used [0x00000000a0000000,0x00000000a36ff508,0x00000000aaf80000)
 Metaspace       used 101168K, capacity 107704K, committed 107776K, reserved 1142784K
  class space    used 13173K, capacity 14321K, committed 14336K, reserved 1048576K
Event: 1539.412 GC heap after
Heap after GC invocations=41 (full 4):
 PSYoungGen      total 343040K, used 20738K [0x00000000e0000000, 0x00000000f8880000, 0x0000000100000000)
  eden space 299008K, 0% used [0x00000000e0000000,0x00000000e0000000,0x00000000f2400000)
  from space 44032K, 47% used [0x00000000f2400000,0x00000000f3840ad0,0x00000000f4f00000)
  to   space 42496K, 0% used [0x00000000f5f00000,0x00000000f5f00000,0x00000000f8880000)
 ParOldGen       total 179712K, used 56325K [0x00000000a0000000, 0x00000000aaf80000, 0x00000000e0000000)
  object space 179712K, 31% used [0x00000000a0000000,0x00000000a3701508,0x00000000aaf80000)
 Metaspace       used 101168K, capacity 107704K, committed 107776K, reserved 1142784K
  class space    used 13173K, capacity 14321K, committed 14336K, reserved 1048576K
}

